<?xml version="1.0" encoding="UTF-8" ?>
<testsuite errors="2" failures="0" hostname="PGRP00086946" name="caseTests.LeiloesTest" tests="2" time="6.541" timestamp="2016-11-30T19:33:20">
  <properties>
    <property name="file.encoding.pkg" value="sun.io" />
    <property name="ivy.retrieve.pattern.ivy.instance" value="C:\Users\wesleyjesus\git\estudosAlura\leiloes/lib/[artifact]-[revision](-[classifier]).[ext]" />
    <property name="java.vendor.url.ivy.instance" value="http://java.oracle.com/" />
    <property name="ivy.local.default.ivy.pattern.ivy.instance" value="[organisation]/[module]/[revision]/[type]s/[artifact].[ext]" />
    <property name="ivy.project.dir.ivy.instance" value="C:\Users\wesleyjesus\git\estudosAlura\leiloes" />
    <property name="ivy.resolve.default.type.filter" value="*" />
    <property name="java.home" value="C:\Program Files\Java\jdk1.8.0_102\jre" />
    <property name="ivy.configurations.ivy.instance" value="*" />
    <property name="test.src.dir" value="src/test/java" />
    <property name="ivy.basedir.ivy.instance" value="C:\Users\wesleyjesus\git\estudosAlura\leiloes" />
    <property name="ivy.dep.file.ivy.instance" value="ivy.xml" />
    <property name="java.endorsed.dirs" value="C:\Program Files\Java\jdk1.8.0_102\jre\lib\endorsed" />
    <property name="java.class.path.ivy.instance" value="C:\Users\wesleyjesus\.p2\pool\plugins\org.apache.ant_1.9.6.v201510161327\lib\ant-antlr.jar;C:\Users\wesleyjesus\.p2\pool\plugins\org.apache.ant_1.9.6.v201510161327\lib\ant-apache-bcel.jar;C:\Users\wesleyjesus\.p2\pool\plugins\org.apache.ant_1.9.6.v201510161327\lib\ant-apache-bsf.jar;C:\Users\wesleyjesus\.p2\pool\plugins\org.apache.ant_1.9.6.v201510161327\lib\ant-apache-log4j.jar;C:\Users\wesleyjesus\.p2\pool\plugins\org.apache.ant_1.9.6.v201510161327\lib\ant-apache-oro.jar;C:\Users\wesleyjesus\.p2\pool\plugins\org.apache.ant_1.9.6.v201510161327\lib\ant-apache-regexp.jar;C:\Users\wesleyjesus\.p2\pool\plugins\org.apache.ant_1.9.6.v201510161327\lib\ant-apache-resolver.jar;C:\Users\wesleyjesus\.p2\pool\plugins\org.apache.ant_1.9.6.v201510161327\lib\ant-apache-xalan2.jar;C:\Users\wesleyjesus\.p2\pool\plugins\org.apache.ant_1.9.6.v201510161327\lib\ant-commons-logging.jar;C:\Users\wesleyjesus\.p2\pool\plugins\org.apache.ant_1.9.6.v201510161327\lib\ant-commons-net.jar;C:\Users\wesleyjesus\.p2\pool\plugins\org.apache.ant_1.9.6.v201510161327\lib\ant-jai.jar;C:\Users\wesleyjesus\.p2\pool\plugins\org.apache.ant_1.9.6.v201510161327\lib\ant-javamail.jar;C:\Users\wesleyjesus\.p2\pool\plugins\org.apache.ant_1.9.6.v201510161327\lib\ant-jdepend.jar;C:\Users\wesleyjesus\.p2\pool\plugins\org.apache.ant_1.9.6.v201510161327\lib\ant-jmf.jar;C:\Users\wesleyjesus\.p2\pool\plugins\org.apache.ant_1.9.6.v201510161327\lib\ant-jsch.jar;C:\Users\wesleyjesus\.p2\pool\plugins\org.apache.ant_1.9.6.v201510161327\lib\ant-junit.jar;C:\Users\wesleyjesus\.p2\pool\plugins\org.apache.ant_1.9.6.v201510161327\lib\ant-junit4.jar;C:\Users\wesleyjesus\.p2\pool\plugins\org.apache.ant_1.9.6.v201510161327\lib\ant-launcher.jar;C:\Users\wesleyjesus\.p2\pool\plugins\org.apache.ant_1.9.6.v201510161327\lib\ant-netrexx.jar;C:\Users\wesleyjesus\.p2\pool\plugins\org.apache.ant_1.9.6.v201510161327\lib\ant-swing.jar;C:\Users\wesleyjesus\.p2\pool\plugins\org.apache.ant_1.9.6.v201510161327\lib\ant-testutil.jar;C:\Users\wesleyjesus\.p2\pool\plugins\org.apache.ant_1.9.6.v201510161327\lib\ant.jar;C:\Users\wesleyjesus\Documents\Desenvolvimento\jee-neon\eclipse\configuration\org.eclipse.osgi\81\0\.cp\lib\antdebug.jar;C:\Users\wesleyjesus\Documents\Desenvolvimento\jee-neon\eclipse\configuration\org.eclipse.osgi\81\0\.cp\lib\remote.jar;C:\Users\wesleyjesus\Documents\Desenvolvimento\jee-neon\eclipse\configuration\org.eclipse.osgi\82\0\.cp\lib\remoteAnt.jar;C:\Program Files\Java\jdk1.8.0_102\lib\tools.jar;C:\Users\wesleyjesus\.p2\pool\plugins\org.eclipse.swt.win32.win32.x86_64_3.105.1.v20160907-0248.jar" />
    <property name="ivy.home" value="C:\Users\wesleyjesus\.ivy2" />
    <property name="src.dir" value="src/main/java" />
    <property name="java.vm.specification.vendor.ivy.instance" value="Oracle Corporation" />
    <property name="sun.os.patch.level" value="Service Pack 1" />
    <property name="ivy.dep.file" value="ivy.xml" />
    <property name="java.vendor.url" value="http://java.oracle.com/" />
    <property name="ivy.local.default.artifact.pattern.ivy.instance" value="[organisation]/[module]/[revision]/[type]s/[artifact].[ext]" />
    <property name="ivy.lib.dir.ivy.instance" value="C:\Users\wesleyjesus\git\estudosAlura\leiloes/lib" />
    <property name="java.version" value="1.8.0_102" />
    <property name="eclipse.pdebuild.home" value="/C:/Users/wesleyjesus/Documents/Desenvolvimento/jee-neon/eclipse/../../../../.p2/pool/plugins/org.eclipse.pde.build_3.9.200.v20160204-0642/./" />
    <property name="ivy.conf.dir.ivy.instance" value="jar:file:/C:/Users/wesleyjesus/git/estudosAlura/leiloes/ivy-2.4.0.jar!/org/apache/ivy/core/settings" />
    <property name="sun.boot.library.path.ivy.instance" value="C:\Program Files\Java\jdk1.8.0_102\jre\bin" />
    <property name="ivy.report.output.pattern.ivy.instance" value="[organisation]-[module]-[conf].[ext]" />
    <property name="ivy.module" value="leiloes" />
    <property name="ivy.publish.src.artifacts.pattern.ivy.instance" value="C:\Users\wesleyjesus\git\estudosAlura\leiloes/distrib/[type]s/[artifact]-[revision](-[classifier]).[ext]" />
    <property name="js.dir" value="src/main/webapp/javascripts" />
    <property name="java.vendor.url.bug" value="http://bugreport.sun.com/bugreport/" />
    <property name="sun.management.compiler.ivy.instance" value="HotSpot 64-Bit Tiered Compilers" />
    <property name="ant.project.invoked-targets" value="war" />
    <property name="ivy.local.default.artifact.pattern" value="[organisation]/[module]/[revision]/[type]s/[artifact].[ext]" />
    <property name="os.name.ivy.instance" value="Windows 7" />
    <property name="ivy.default.ivy.user.dir.ivy.instance" value="C:\Users\wesleyjesus\.ivy2" />
    <property name="ivy.default.always.check.exact.revision" value="false" />
    <property name="ivy.default.settings.dir.ivy.instance" value="jar:file:/C:/Users/wesleyjesus/git/estudosAlura/leiloes/ivy-2.4.0.jar!/org/apache/ivy/core/settings" />
    <property name="user.name" value="wesleyjesus" />
    <property name="sun.io.unicode.encoding" value="UnicodeLittle" />
    <property name="ivy.shared.default.root.ivy.instance" value="C:\Users\wesleyjesus\.ivy2/shared" />
    <property name="sun.jnu.encoding" value="Cp1252" />
    <property name="java.runtime.name" value="Java(TM) SE Runtime Environment" />
    <property name="ant.home.ivy.instance" value="C:\Users\wesleyjesus\.p2\pool\plugins\org.apache.ant_1.9.6.v201510161327" />
    <property name="output.dir" value="target" />
    <property name="file.encoding.ivy.instance" value="UTF-8" />
    <property name="ivy.cache.ttl.default.ivy.instance" value="10s" />
    <property name="java.specification.vendor.ivy.instance" value="Oracle Corporation" />
    <property name="java.vendor.ivy.instance" value="Oracle Corporation" />
    <property name="lib.dir" value="src/main/webapp/WEB-INF/lib" />
    <property name="sun.cpu.isalist.ivy.instance" value="amd64" />
    <property name="java.specification.name" value="Java Platform API Specification" />
    <property name="user.timezone" value="" />
    <property name="java.endorsed.dirs.ivy.instance" value="C:\Program Files\Java\jdk1.8.0_102\jre\lib\endorsed" />
    <property name="css.dir" value="src/main/webapp/stylesheets" />
    <property name="user.script" value="" />
    <property name="path.separator" value=";" />
    <property name="java.class.version.ivy.instance" value="52.0" />
    <property name="ivy.default.conf.dir" value="jar:file:/C:/Users/wesleyjesus/git/estudosAlura/leiloes/ivy-2.4.0.jar!/org/apache/ivy/core/settings" />
    <property name="project.name" value="leiloes" />
    <property name="file.encoding" value="Cp1252" />
    <property name="java.runtime.name.ivy.instance" value="Java(TM) SE Runtime Environment" />
    <property name="ivy.resolve.default.type.filter.ivy.instance" value="*" />
    <property name="ant.project.default-target" value="war" />
    <property name="ivy.targets.copied" value="false" />
    <property name="ivy.parents.count" value="0" />
    <property name="sun.java.command" value="org.apache.tools.ant.taskdefs.optional.junit.JUnitTestRunner caseTests.LeiloesTest skipNonTests=false filtertrace=true haltOnError=false haltOnFailure=true showoutput=false outputtoformatters=true logfailedtests=true threadid=0 logtestlistenerevents=false formatter=org.apache.tools.ant.taskdefs.optional.junit.BriefJUnitResultFormatter formatter=org.apache.tools.ant.taskdefs.optional.junit.XMLJUnitResultFormatter,C:\Users\wesleyjesus\git\estudosAlura\leiloes\target\test-results\TEST-caseTests.LeiloesTest.xml crashfile=C:\Users\wesleyjesus\git\estudosAlura\leiloes\junitvmwatcher1280847600455184262.properties propsfile=C:\Users\wesleyjesus\git\estudosAlura\leiloes\junit4424149030974231189.properties" />
    <property name="ivy.shared.default.artifact.pattern" value="[organisation]/[module]/[revision]/[type]s/[artifact].[ext]" />
    <property name="ant.file" value="C:\Users\wesleyjesus\git\estudosAlura\leiloes\build.xml" />
    <property name="ivy.distrib.dir.ivy.instance" value="C:\Users\wesleyjesus\git\estudosAlura\leiloes/distrib" />
    <property name="ivy.checksums.ivy.instance" value="sha1,md5" />
    <property name="sun.arch.data.model.ivy.instance" value="64" />
    <property name="ivy.build.artifacts.dir.ivy.instance" value="C:\Users\wesleyjesus\git\estudosAlura\leiloes/build/artifacts" />
    <property name="user.variant.ivy.instance" value="" />
    <property name="ivy.settings.file" value="ivysettings.xml" />
    <property name="java.io.tmpdir" value="C:\Users\wesleyjesus\AppData\Local\Temp\" />
    <property name="ivy.buildlist.ivyfilepath.ivy.instance" value="ivy.xml" />
    <property name="ivy.cache.ttl.default" value="10s" />
    <property name="user.language" value="pt" />
    <property name="user.dir.ivy.instance" value="C:\Users\wesleyjesus\git\estudosAlura\leiloes" />
    <property name="ivy.home.ivy.instance" value="C:\Users\wesleyjesus\.ivy2" />
    <property name="line.separator" value="&#xd;&#xa;" />
    <property name="java.specification.version.ivy.instance" value="1.8" />
    <property name="ivy.build.artifacts.dir" value="C:\Users\wesleyjesus\git\estudosAlura\leiloes/build/artifacts" />
    <property name="ivy.settings.dir.url" value="jar:file:/C:/Users/wesleyjesus/git/estudosAlura/leiloes/ivy-2.4.0.jar!/org/apache/ivy/core/settings" />
    <property name="sun.io.unicode.encoding.ivy.instance" value="UnicodeLittle" />
    <property name="ivy.status" value="integration" />
    <property name="java.vm.info" value="mixed mode" />
    <property name="ivy.lib.dir" value="C:\Users\wesleyjesus\git\estudosAlura\leiloes/lib" />
    <property name="sun.desktop" value="windows" />
    <property name="java.vm.specification.name" value="Java Virtual Machine Specification" />
    <property name="ivy.default.conf.dir.ivy.instance" value="jar:file:/C:/Users/wesleyjesus/git/estudosAlura/leiloes/ivy-2.4.0.jar!/org/apache/ivy/core/settings" />
    <property name="java.vm.version.ivy.instance" value="25.102-b14" />
    <property name="user.name.ivy.instance" value="wesleyjesus" />
    <property name="ivy.cache.dir" value="C:\Users\wesleyjesus\.ivy2\cache" />
    <property name="eclipse.pdebuild.templates" value="/C:/Users/wesleyjesus/Documents/Desenvolvimento/jee-neon/eclipse/../../../../.p2/pool/plugins/org.eclipse.pde.build_3.9.200.v20160204-0642/templates/" />
    <property name="java.awt.printerjob" value="sun.awt.windows.WPrinterJob" />
    <property name="java.io.tmpdir.ivy.instance" value="C:\Users\wesleyjesus\AppData\Local\Temp\" />
    <property name="ant.version" value="Apache Ant(TM) version 1.9.6 compiled on June 29 2015" />
    <property name="java.home.ivy.instance" value="C:\Program Files\Java\jdk1.8.0_102\jre" />
    <property name="java.vm.vendor.ivy.instance" value="Oracle Corporation" />
    <property name="test.build.dir" value="target/test-classes" />
    <property name="user.script.ivy.instance" value="" />
    <property name="ivy.default.settings.dir" value="jar:file:/C:/Users/wesleyjesus/git/estudosAlura/leiloes/ivy-2.4.0.jar!/org/apache/ivy/core/settings" />
    <property name="ivy.configurations" value="*" />
    <property name="ivy.settings.url" value="jar:file:/C:/Users/wesleyjesus/git/estudosAlura/leiloes/ivy-2.4.0.jar!/org/apache/ivy/core/settings/ivysettings.xml" />
    <property name="os.name" value="Windows 7" />
    <property name="java.specification.vendor" value="Oracle Corporation" />
    <property name="sun.jnu.encoding.ivy.instance" value="Cp1252" />
    <property name="ivy.deliver.ivy.pattern.ivy.instance" value="C:\Users\wesleyjesus\git\estudosAlura\leiloes/distrib/[type]s/[artifact]-[revision](-[classifier]).[ext]" />
    <property name="webapp.dir" value="src/main/webapp" />
    <property name="ivy.checksums" value="sha1,md5" />
    <property name="java.vm.name" value="Java HotSpot(TM) 64-Bit Server VM" />
    <property name="ivy.jar.file" value="ivy-2.4.0.jar" />
    <property name="ivy.log.modules.in.use" value="false" />
    <property name="java.runtime.version.ivy.instance" value="1.8.0_102-b14" />
    <property name="ivy.report.output.pattern" value="[organisation]-[module]-[conf].[ext]" />
    <property name="ivy.version" value="2.4.0" />
    <property name="java.library.path" value="C:\Program Files\Java\jdk1.8.0_102\jre\bin;C:\windows\Sun\Java\bin;C:\windows\system32;C:\windows;C:/Program Files/Java/jdk1.8.0_102/bin/../jre/bin/server;C:/Program Files/Java/jdk1.8.0_102/bin/../jre/bin;C:/Program Files/Java/jdk1.8.0_102/bin/../jre/lib/amd64;C:\Program Files (x86)\Common Files\Intel\Shared Files\cpp\bin\Intel64;C:\ProgramData\Oracle\Java\javapath;C:\Oracle\product\11.2.0\client_1;C:\Python27\;C:\Program Files (x86)\Borland\Delphi5\Bin;C:\orant\bin;C:\Windows\system32;C:\Windows;C:\Windows\System32\Wbem;C:\Windows\System32\WindowsPowerShell\v1.0\;C:\orant\jdk\bin;C:\Program Files (x86)\QuickTime\QTSystem\;C:\Program Files (x86)\Novell\ZENworks\bin;C:\phantomjs;C:\casperjs\batchbin;C:\x64;C:\Program Files (x86)\Microsoft SQL Server\100\Tools\Binn\;C:\Program Files (x86)\Microsoft SQL Server\100\DTS\Binn\;%PATH%;C:\Program Files\Java\jdk1.8.0_102\bin;C:\Novell\GroupWise;C:\Program Files\Novell\iPrint;;C:\Users\wesleyjesus\Desktop;;." />
    <property name="ivy.conf.url" value="jar:file:/C:/Users/wesleyjesus/git/estudosAlura/leiloes/ivy-2.4.0.jar!/org/apache/ivy/core/settings/ivysettings.xml" />
    <property name="java.vm.name.ivy.instance" value="Java HotSpot(TM) 64-Bit Server VM" />
    <property name="os.version.ivy.instance" value="6.1" />
    <property name="line.separator.ivy.instance" value="&#xd;&#xa;" />
    <property name="eclipse.pdebuild.scripts" value="/C:/Users/wesleyjesus/Documents/Desenvolvimento/jee-neon/eclipse/../../../../.p2/pool/plugins/org.eclipse.pde.build_3.9.200.v20160204-0642/scripts/" />
    <property name="ant.java.version" value="1.8" />
    <property name="sun.desktop.ivy.instance" value="windows" />
    <property name="sun.cpu.endian.ivy.instance" value="little" />
    <property name="java.vm.specification.name.ivy.instance" value="Java Virtual Machine Specification" />
    <property name="basedir" value="C:\Users\wesleyjesus\git\estudosAlura\leiloes" />
    <property name="java.class.version" value="52.0" />
    <property name="ant.file.vraptor-scaffold" value="C:\Users\wesleyjesus\git\estudosAlura\leiloes\build.xml" />
    <property name="ivy.settings.url.ivy.instance" value="jar:file:/C:/Users/wesleyjesus/git/estudosAlura/leiloes/ivy-2.4.0.jar!/org/apache/ivy/core/settings/ivysettings.xml" />
    <property name="path.separator.ivy.instance" value=";" />
    <property name="sun.boot.class.path.ivy.instance" value="C:\Program Files\Java\jdk1.8.0_102\jre\lib\resources.jar;C:\Program Files\Java\jdk1.8.0_102\jre\lib\rt.jar;C:\Program Files\Java\jdk1.8.0_102\jre\lib\sunrsasign.jar;C:\Program Files\Java\jdk1.8.0_102\jre\lib\jsse.jar;C:\Program Files\Java\jdk1.8.0_102\jre\lib\jce.jar;C:\Program Files\Java\jdk1.8.0_102\jre\lib\charsets.jar;C:\Program Files\Java\jdk1.8.0_102\jre\lib\jfr.jar;C:\Program Files\Java\jdk1.8.0_102\jre\classes" />
    <property name="ant.home" value="C:\Users\wesleyjesus\.p2\pool\plugins\org.apache.ant_1.9.6.v201510161327" />
    <property name="ivy.resolved.configurations" value="default, provided, test, jetty, minify" />
    <property name="ivy.deliver.ivy.pattern" value="C:\Users\wesleyjesus\git\estudosAlura\leiloes/distrib/[type]s/[artifact]-[revision](-[classifier]).[ext]" />
    <property name="sun.boot.library.path" value="C:\Program Files\Java\jdk1.8.0_102\jre\bin" />
    <property name="build.dir" value="src/main/webapp/WEB-INF/classes" />
    <property name="ivy.default.always.check.exact.revision.ivy.instance" value="false" />
    <property name="java.library.path.ivy.instance" value="C:\Users\wesleyjesus\Documents\Desenvolvimento\jee-neon\eclipse;C:\windows\Sun\Java\bin;C:\windows\system32;C:\windows;C:/Program Files/Java/jdk1.8.0_102/bin/../jre/bin/server;C:/Program Files/Java/jdk1.8.0_102/bin/../jre/bin;C:/Program Files/Java/jdk1.8.0_102/bin/../jre/lib/amd64;C:\Program Files (x86)\Common Files\Intel\Shared Files\cpp\bin\Intel64;C:\ProgramData\Oracle\Java\javapath;C:\Oracle\product\11.2.0\client_1;C:\Python27\;C:\Program Files (x86)\Borland\Delphi5\Bin;C:\orant\bin;C:\Windows\system32;C:\Windows;C:\Windows\System32\Wbem;C:\Windows\System32\WindowsPowerShell\v1.0\;C:\orant\jdk\bin;C:\Program Files (x86)\QuickTime\QTSystem\;C:\Program Files (x86)\Novell\ZENworks\bin;C:\phantomjs;C:\casperjs\batchbin;C:\x64;C:\Program Files (x86)\Microsoft SQL Server\100\Tools\Binn\;C:\Program Files (x86)\Microsoft SQL Server\100\DTS\Binn\;%PATH%;C:\Program Files\Java\jdk1.8.0_102\bin;C:\Novell\GroupWise;C:\Program Files\Novell\iPrint;;C:\Users\wesleyjesus\Desktop;;.;C:\Users\wesleyjesus\Documents\Desenvolvimento\jee-neon\eclipse\configuration\org.eclipse.osgi\1175\0\.cp" />
    <property name="awt.toolkit.ivy.instance" value="sun.awt.windows.WToolkit" />
    <property name="ivy.basedir" value="C:\Users\wesleyjesus\git\estudosAlura\leiloes" />
    <property name="sun.management.compiler" value="HotSpot 64-Bit Tiered Compilers" />
    <property name="java.awt.graphicsenv" value="sun.awt.Win32GraphicsEnvironment" />
    <property name="java.ext.dirs.ivy.instance" value="C:\Program Files\Java\jdk1.8.0_102\jre\lib\ext;C:\windows\Sun\Java\lib\ext" />
    <property name="user.variant" value="" />
    <property name="ivy.log.modules.in.use.ivy.instance" value="false" />
    <property name="ivy.settings.dir.url.ivy.instance" value="jar:file:/C:/Users/wesleyjesus/git/estudosAlura/leiloes/ivy-2.4.0.jar!/org/apache/ivy/core/settings" />
    <property name="sun.os.patch.level.ivy.instance" value="Service Pack 1" />
    <property name="file.encoding.pkg.ivy.instance" value="sun.io" />
    <property name="ivy.shared.default.ivy.pattern" value="[organisation]/[module]/[revision]/[type]s/[artifact].[ext]" />
    <property name="ivy.resolver.default.check.modified" value="false" />
    <property name="ivy.settings.file.ivy.instance" value="ivysettings.xml" />
    <property name="ivy.nb.targets.copied" value="0" />
    <property name="ant.project.name" value="vraptor-scaffold" />
    <property name="ivy.cache.dir.ivy.instance" value="C:\Users\wesleyjesus\.ivy2\cache" />
    <property name="java.vm.specification.version" value="1.8" />
    <property name="resources.dir" value="src/main/resources" />
    <property name="ivy.status.ivy.instance" value="integration" />
    <property name="awt.toolkit" value="sun.awt.windows.WToolkit" />
    <property name="sun.cpu.isalist" value="amd64" />
    <property name="file.separator.ivy.instance" value="\" />
    <property name="java.ext.dirs" value="C:\Program Files\Java\jdk1.8.0_102\jre\lib\ext;C:\windows\Sun\Java\lib\ext" />
    <property name="ivy.deps.changed" value="false" />
    <property name="ivy.local.default.root.ivy.instance" value="C:\Users\wesleyjesus\.ivy2/local" />
    <property name="os.version" value="6.1" />
    <property name="user.home" value="C:\Users\wesleyjesus" />
    <property name="sun.java.launcher.ivy.instance" value="SUN_STANDARD" />
    <property name="java.vm.vendor" value="Oracle Corporation" />
    <property name="ivy.local.default.root" value="C:\Users\wesleyjesus\.ivy2/local" />
    <property name="ivy.organisation" value="leiloes" />
    <property name="user.dir" value="C:\Users\wesleyjesus\git\estudosAlura\leiloes" />
    <property name="ant.library.dir.ivy.instance" value="C:\Users\wesleyjesus\.p2\pool\plugins\org.apache.ant_1.9.6.v201510161327\lib" />
    <property name="ant.file.type.vraptor-scaffold" value="file" />
    <property name="ivy.local.default.ivy.pattern" value="[organisation]/[module]/[revision]/[type]s/[artifact].[ext]" />
    <property name="ivy.shared.default.ivy.pattern.ivy.instance" value="[organisation]/[module]/[revision]/[type]s/[artifact].[ext]" />
    <property name="ivy.publish.src.artifacts.pattern" value="C:\Users\wesleyjesus\git\estudosAlura\leiloes/distrib/[type]s/[artifact]-[revision](-[classifier]).[ext]" />
    <property name="java.vm.info.ivy.instance" value="mixed mode" />
    <property name="sun.java.command.ivy.instance" value="org.eclipse.ant.internal.launching.remote.InternalAntRunner -Dorg.eclipse.ant.core.ANT_PROCESS_ID=1480534390910 -Declipse.connect.port=54881 -Declipse.pdebuild.home=/C:/Users/wesleyjesus/Documents/Desenvolvimento/jee-neon/eclipse/../../../../.p2/pool/plugins/org.eclipse.pde.build_3.9.200.v20160204-0642/./ -Declipse.pdebuild.scripts=/C:/Users/wesleyjesus/Documents/Desenvolvimento/jee-neon/eclipse/../../../../.p2/pool/plugins/org.eclipse.pde.build_3.9.200.v20160204-0642/scripts/ -Declipse.pdebuild.templates=/C:/Users/wesleyjesus/Documents/Desenvolvimento/jee-neon/eclipse/../../../../.p2/pool/plugins/org.eclipse.pde.build_3.9.200.v20160204-0642/templates/ -Dant.home=C:\Users\wesleyjesus\.p2\pool\plugins\org.apache.ant_1.9.6.v201510161327 -logger org.eclipse.ant.internal.launching.remote.logger.RemoteAntBuildLogger -inputhandler org.eclipse.ant.internal.ui.antsupport.inputhandler.ProxyInputHandler -buildfile C:\Users\wesleyjesus\git\estudosAlura\leiloes\build.xml" />
    <property name="ivy.distrib.dir" value="C:\Users\wesleyjesus\git\estudosAlura\leiloes/distrib" />
    <property name="sun.cpu.endian" value="little" />
    <property name="ivy.revision" value="working@PGRP00086946" />
    <property name="user.timezone.ivy.instance" value="America/Sao_Paulo" />
    <property name="java.vm.version" value="25.102-b14" />
    <property name="java.class.path" value="C:\Users\wesleyjesus\git\estudosAlura\leiloes\lib\test\hamcrest-all-1.3.jar;C:\Users\wesleyjesus\git\estudosAlura\leiloes\lib\test\hamcrest-core-1.3.jar;C:\Users\wesleyjesus\git\estudosAlura\leiloes\lib\test\junit-4.12.jar;C:\Users\wesleyjesus\git\estudosAlura\leiloes\lib\test\mockito-all-2.0.2-beta.jar;C:\Users\wesleyjesus\git\estudosAlura\leiloes\src\main\webapp\WEB-INF\lib\ant-1.8.3.jar;C:\Users\wesleyjesus\git\estudosAlura\leiloes\src\main\webapp\WEB-INF\lib\ant-junit-1.8.3.jar;C:\Users\wesleyjesus\git\estudosAlura\leiloes\src\main\webapp\WEB-INF\lib\ant-launcher-1.8.3.jar;C:\Users\wesleyjesus\git\estudosAlura\leiloes\src\main\webapp\WEB-INF\lib\antlr-2.7.6.jar;C:\Users\wesleyjesus\git\estudosAlura\leiloes\src\main\webapp\WEB-INF\lib\aopalliance-1.0.jar;C:\Users\wesleyjesus\git\estudosAlura\leiloes\src\main\webapp\WEB-INF\lib\asm-3.1.jar;C:\Users\wesleyjesus\git\estudosAlura\leiloes\src\main\webapp\WEB-INF\lib\asm-5.0.1.jar;C:\Users\wesleyjesus\git\estudosAlura\leiloes\src\main\webapp\WEB-INF\lib\asm-analysis-5.0.1.jar;C:\Users\wesleyjesus\git\estudosAlura\leiloes\src\main\webapp\WEB-INF\lib\asm-commons-5.0.1.jar;C:\Users\wesleyjesus\git\estudosAlura\leiloes\src\main\webapp\WEB-INF\lib\asm-tree-5.0.1.jar;C:\Users\wesleyjesus\git\estudosAlura\leiloes\src\main\webapp\WEB-INF\lib\asm-util-5.0.1.jar;C:\Users\wesleyjesus\git\estudosAlura\leiloes\src\main\webapp\WEB-INF\lib\aspectjrt-1.6.9.jar;C:\Users\wesleyjesus\git\estudosAlura\leiloes\src\main\webapp\WEB-INF\lib\backport-util-concurrent-3.1.jar;C:\Users\wesleyjesus\git\estudosAlura\leiloes\src\main\webapp\WEB-INF\lib\c3p0-0.9.1.jar;C:\Users\wesleyjesus\git\estudosAlura\leiloes\src\main\webapp\WEB-INF\lib\cglib-2.2.jar;C:\Users\wesleyjesus\git\estudosAlura\leiloes\src\main\webapp\WEB-INF\lib\cglib-nodep-3.2.4.jar;C:\Users\wesleyjesus\git\estudosAlura\leiloes\src\main\webapp\WEB-INF\lib\classworlds-1.1.jar;C:\Users\wesleyjesus\git\estudosAlura\leiloes\src\main\webapp\WEB-INF\lib\cobertura-2.1.1.jar;C:\Users\wesleyjesus\git\estudosAlura\leiloes\src\main\webapp\WEB-INF\lib\commons-codec-1.10.jar;C:\Users\wesleyjesus\git\estudosAlura\leiloes\src\main\webapp\WEB-INF\lib\commons-collections-3.2.2.jar;C:\Users\wesleyjesus\git\estudosAlura\leiloes\src\main\webapp\WEB-INF\lib\commons-exec-1.3.jar;C:\Users\wesleyjesus\git\estudosAlura\leiloes\src\main\webapp\WEB-INF\lib\commons-io-2.5.jar;C:\Users\wesleyjesus\git\estudosAlura\leiloes\src\main\webapp\WEB-INF\lib\commons-lang-2.4.jar;C:\Users\wesleyjesus\git\estudosAlura\leiloes\src\main\webapp\WEB-INF\lib\commons-lang3-3.4.jar;C:\Users\wesleyjesus\git\estudosAlura\leiloes\src\main\webapp\WEB-INF\lib\commons-logging-1.2.jar;C:\Users\wesleyjesus\git\estudosAlura\leiloes\src\main\webapp\WEB-INF\lib\cssparser-0.9.20.jar;C:\Users\wesleyjesus\git\estudosAlura\leiloes\src\main\webapp\WEB-INF\lib\cucumber-core-1.2.5.jar;C:\Users\wesleyjesus\git\estudosAlura\leiloes\src\main\webapp\WEB-INF\lib\cucumber-html-0.2.3.jar;C:\Users\wesleyjesus\git\estudosAlura\leiloes\src\main\webapp\WEB-INF\lib\cucumber-java-1.2.5.jar;C:\Users\wesleyjesus\git\estudosAlura\leiloes\src\main\webapp\WEB-INF\lib\cucumber-junit-1.2.5.jar;C:\Users\wesleyjesus\git\estudosAlura\leiloes\src\main\webapp\WEB-INF\lib\cucumber-jvm-deps-1.0.5.jar;C:\Users\wesleyjesus\git\estudosAlura\leiloes\src\main\webapp\WEB-INF\lib\cucumber-reporting-1.1.0.jar;C:\Users\wesleyjesus\git\estudosAlura\leiloes\src\main\webapp\WEB-INF\lib\dom4j-1.6.1.jar;C:\Users\wesleyjesus\git\estudosAlura\leiloes\src\main\webapp\WEB-INF\lib\gherkin-2.12.2.jar;C:\Users\wesleyjesus\git\estudosAlura\leiloes\src\main\webapp\WEB-INF\lib\gson-2.5.jar;C:\Users\wesleyjesus\git\estudosAlura\leiloes\src\main\webapp\WEB-INF\lib\guava-19.0.jar;C:\Users\wesleyjesus\git\estudosAlura\leiloes\src\main\webapp\WEB-INF\lib\hamcrest-core-1.3.jar;C:\Users\wesleyjesus\git\estudosAlura\leiloes\src\main\webapp\WEB-INF\lib\hibernate-c3p0-3.6.7.Final.jar;C:\Users\wesleyjesus\git\estudosAlura\leiloes\src\main\webapp\WEB-INF\lib\hibernate-commons-annotations-3.2.0.Final.jar;C:\Users\wesleyjesus\git\estudosAlura\leiloes\src\main\webapp\WEB-INF\lib\hibernate-core-3.6.7.Final.jar;C:\Users\wesleyjesus\git\estudosAlura\leiloes\src\main\webapp\WEB-INF\lib\hibernate-entitymanager-3.6.7.Final.jar;C:\Users\wesleyjesus\git\estudosAlura\leiloes\src\main\webapp\WEB-INF\lib\hibernate-jpa-2.0-api-1.0.1.Final.jar;C:\Users\wesleyjesus\git\estudosAlura\leiloes\src\main\webapp\WEB-INF\lib\hibernate-validator-4.2.0.Final.jar;C:\Users\wesleyjesus\git\estudosAlura\leiloes\src\main\webapp\WEB-INF\lib\hsqldb-2.3.4.jar;C:\Users\wesleyjesus\git\estudosAlura\leiloes\src\main\webapp\WEB-INF\lib\htmlunit-2.23.jar;C:\Users\wesleyjesus\git\estudosAlura\leiloes\src\main\webapp\WEB-INF\lib\htmlunit-core-js-2.23.jar;C:\Users\wesleyjesus\git\estudosAlura\leiloes\src\main\webapp\WEB-INF\lib\htmlunit-driver-2.23.jar;C:\Users\wesleyjesus\git\estudosAlura\leiloes\src\main\webapp\WEB-INF\lib\httpclient-4.5.2.jar;C:\Users\wesleyjesus\git\estudosAlura\leiloes\src\main\webapp\WEB-INF\lib\httpcore-4.4.4.jar;C:\Users\wesleyjesus\git\estudosAlura\leiloes\src\main\webapp\WEB-INF\lib\httpmime-4.5.2.jar;C:\Users\wesleyjesus\git\estudosAlura\leiloes\src\main\webapp\WEB-INF\lib\javassist-3.12.0.GA.jar;C:\Users\wesleyjesus\git\estudosAlura\leiloes\src\main\webapp\WEB-INF\lib\javassist-3.7.ga.jar;C:\Users\wesleyjesus\git\estudosAlura\leiloes\src\main\webapp\WEB-INF\lib\javax.servlet-api-3.1.0.jar;C:\Users\wesleyjesus\git\estudosAlura\leiloes\src\main\webapp\WEB-INF\lib\jaxen-1.1.4.jar;C:\Users\wesleyjesus\git\estudosAlura\leiloes\src\main\webapp\WEB-INF\lib\jcip-annotations-1.0.jar;C:\Users\wesleyjesus\git\estudosAlura\leiloes\src\main\webapp\WEB-INF\lib\jcommander-1.48.jar;C:\Users\wesleyjesus\git\estudosAlura\leiloes\src\main\webapp\WEB-INF\lib\jcommon-1.0.15.jar;C:\Users\wesleyjesus\git\estudosAlura\leiloes\src\main\webapp\WEB-INF\lib\jetty-6.1.14.jar;C:\Users\wesleyjesus\git\estudosAlura\leiloes\src\main\webapp\WEB-INF\lib\jetty-io-9.2.15.v20160210.jar;C:\Users\wesleyjesus\git\estudosAlura\leiloes\src\main\webapp\WEB-INF\lib\jetty-repacked-9.2.13.v20160825.jar;C:\Users\wesleyjesus\git\estudosAlura\leiloes\src\main\webapp\WEB-INF\lib\jetty-util-6.1.14.jar;C:\Users\wesleyjesus\git\estudosAlura\leiloes\src\main\webapp\WEB-INF\lib\jetty-util-9.2.15.v20160210.jar;C:\Users\wesleyjesus\git\estudosAlura\leiloes\src\main\webapp\WEB-INF\lib\jfreechart-1.0.12.jar;C:\Users\wesleyjesus\git\estudosAlura\leiloes\src\main\webapp\WEB-INF\lib\jna-4.1.0.jar;C:\Users\wesleyjesus\git\estudosAlura\leiloes\src\main\webapp\WEB-INF\lib\jna-platform-4.1.0.jar;C:\Users\wesleyjesus\git\estudosAlura\leiloes\src\main\webapp\WEB-INF\lib\joda-time-2.9.1.jar;C:\Users\wesleyjesus\git\estudosAlura\leiloes\src\main\webapp\WEB-INF\lib\jsoup-1.8.3.jar;C:\Users\wesleyjesus\git\estudosAlura\leiloes\src\main\webapp\WEB-INF\lib\jstl-1.2.jar;C:\Users\wesleyjesus\git\estudosAlura\leiloes\src\main\webapp\WEB-INF\lib\jta-1.1.jar;C:\Users\wesleyjesus\git\estudosAlura\leiloes\src\main\webapp\WEB-INF\lib\junit-4.12.jar;C:\Users\wesleyjesus\git\estudosAlura\leiloes\src\main\webapp\WEB-INF\lib\log4j-1.2.16.jar;C:\Users\wesleyjesus\git\estudosAlura\leiloes\src\main\webapp\WEB-INF\lib\log4j-api-2.5.jar;C:\Users\wesleyjesus\git\estudosAlura\leiloes\src\main\webapp\WEB-INF\lib\log4j-core-2.5.jar;C:\Users\wesleyjesus\git\estudosAlura\leiloes\src\main\webapp\WEB-INF\lib\logback-classic-1.0.13.jar;C:\Users\wesleyjesus\git\estudosAlura\leiloes\src\main\webapp\WEB-INF\lib\logback-core-1.0.13.jar;C:\Users\wesleyjesus\git\estudosAlura\leiloes\src\main\webapp\WEB-INF\lib\maven-artifact-2.2.1.jar;C:\Users\wesleyjesus\git\estudosAlura\leiloes\src\main\webapp\WEB-INF\lib\maven-artifact-manager-2.2.1.jar;C:\Users\wesleyjesus\git\estudosAlura\leiloes\src\main\webapp\WEB-INF\lib\maven-gpg-plugin-1.6.jar;C:\Users\wesleyjesus\git\estudosAlura\leiloes\src\main\webapp\WEB-INF\lib\maven-model-2.2.1.jar;C:\Users\wesleyjesus\git\estudosAlura\leiloes\src\main\webapp\WEB-INF\lib\maven-plugin-api-2.2.1.jar;C:\Users\wesleyjesus\git\estudosAlura\leiloes\src\main\webapp\WEB-INF\lib\maven-plugin-registry-2.2.1.jar;C:\Users\wesleyjesus\git\estudosAlura\leiloes\src\main\webapp\WEB-INF\lib\maven-profile-2.2.1.jar;C:\Users\wesleyjesus\git\estudosAlura\leiloes\src\main\webapp\WEB-INF\lib\maven-project-2.2.1.jar;C:\Users\wesleyjesus\git\estudosAlura\leiloes\src\main\webapp\WEB-INF\lib\maven-repository-metadata-2.2.1.jar;C:\Users\wesleyjesus\git\estudosAlura\leiloes\src\main\webapp\WEB-INF\lib\maven-settings-2.2.1.jar;C:\Users\wesleyjesus\git\estudosAlura\leiloes\src\main\webapp\WEB-INF\lib\mirror-1.5.1.jar;C:\Users\wesleyjesus\git\estudosAlura\leiloes\src\main\webapp\WEB-INF\lib\neko-htmlunit-2.23.jar;C:\Users\wesleyjesus\git\estudosAlura\leiloes\src\main\webapp\WEB-INF\lib\netty-3.5.7.Final.jar;C:\Users\wesleyjesus\git\estudosAlura\leiloes\src\main\webapp\WEB-INF\lib\objenesis-1.1.jar;C:\Users\wesleyjesus\git\estudosAlura\leiloes\src\main\webapp\WEB-INF\lib\ognl-2.7.3.jar;C:\Users\wesleyjesus\git\estudosAlura\leiloes\src\main\webapp\WEB-INF\lib\oro-2.0.8.jar;C:\Users\wesleyjesus\git\estudosAlura\leiloes\src\main\webapp\WEB-INF\lib\paranamer-2.2.jar;C:\Users\wesleyjesus\git\estudosAlura\leiloes\src\main\webapp\WEB-INF\lib\phantomjsdriver-1.3.0.jar;C:\Users\wesleyjesus\git\estudosAlura\leiloes\src\main\webapp\WEB-INF\lib\plexus-cipher-1.4.jar;C:\Users\wesleyjesus\git\estudosAlura\leiloes\src\main\webapp\WEB-INF\lib\plexus-container-default-1.0-alpha-9-stable-1.jar;C:\Users\wesleyjesus\git\estudosAlura\leiloes\src\main\webapp\WEB-INF\lib\plexus-interpolation-1.11.jar;C:\Users\wesleyjesus\git\estudosAlura\leiloes\src\main\webapp\WEB-INF\lib\plexus-sec-dispatcher-1.4.jar;C:\Users\wesleyjesus\git\estudosAlura\leiloes\src\main\webapp\WEB-INF\lib\plexus-utils-3.0.20.jar;C:\Users\wesleyjesus\git\estudosAlura\leiloes\src\main\webapp\WEB-INF\lib\sac-1.3.jar;C:\Users\wesleyjesus\git\estudosAlura\leiloes\src\main\webapp\WEB-INF\lib\scannotation-1.0.2.jar;C:\Users\wesleyjesus\git\estudosAlura\leiloes\src\main\webapp\WEB-INF\lib\selenium-api-3.0.1.jar;C:\Users\wesleyjesus\git\estudosAlura\leiloes\src\main\webapp\WEB-INF\lib\selenium-chrome-driver-3.0.1.jar;C:\Users\wesleyjesus\git\estudosAlura\leiloes\src\main\webapp\WEB-INF\lib\selenium-edge-driver-3.0.1.jar;C:\Users\wesleyjesus\git\estudosAlura\leiloes\src\main\webapp\WEB-INF\lib\selenium-firefox-driver-3.0.1.jar;C:\Users\wesleyjesus\git\estudosAlura\leiloes\src\main\webapp\WEB-INF\lib\selenium-htmlunit-driver-2.52.0.jar;C:\Users\wesleyjesus\git\estudosAlura\leiloes\src\main\webapp\WEB-INF\lib\selenium-ie-driver-3.0.1.jar;C:\Users\wesleyjesus\git\estudosAlura\leiloes\src\main\webapp\WEB-INF\lib\selenium-java-3.0.1.jar;C:\Users\wesleyjesus\git\estudosAlura\leiloes\src\main\webapp\WEB-INF\lib\selenium-opera-driver-3.0.1.jar;C:\Users\wesleyjesus\git\estudosAlura\leiloes\src\main\webapp\WEB-INF\lib\selenium-remote-driver-3.0.1.jar;C:\Users\wesleyjesus\git\estudosAlura\leiloes\src\main\webapp\WEB-INF\lib\selenium-safari-driver-3.0.1.jar;C:\Users\wesleyjesus\git\estudosAlura\leiloes\src\main\webapp\WEB-INF\lib\selenium-server-3.0.1.jar;C:\Users\wesleyjesus\git\estudosAlura\leiloes\src\main\webapp\WEB-INF\lib\selenium-support-3.0.1.jar;C:\Users\wesleyjesus\git\estudosAlura\leiloes\src\main\webapp\WEB-INF\lib\serializer-2.7.2.jar;C:\Users\wesleyjesus\git\estudosAlura\leiloes\src\main\webapp\WEB-INF\lib\servlet-api-2.5-6.1.14.jar;C:\Users\wesleyjesus\git\estudosAlura\leiloes\src\main\webapp\WEB-INF\lib\sitemesh-2.4.2.jar;C:\Users\wesleyjesus\git\estudosAlura\leiloes\src\main\webapp\WEB-INF\lib\slf4j-api-1.7.5.jar;C:\Users\wesleyjesus\git\estudosAlura\leiloes\src\main\webapp\WEB-INF\lib\slf4j-log4j12-1.6.1.jar;C:\Users\wesleyjesus\git\estudosAlura\leiloes\src\main\webapp\WEB-INF\lib\snakeyaml-1.15.jar;C:\Users\wesleyjesus\git\estudosAlura\leiloes\src\main\webapp\WEB-INF\lib\spring-aop-3.0.5.RELEASE.jar;C:\Users\wesleyjesus\git\estudosAlura\leiloes\src\main\webapp\WEB-INF\lib\spring-asm-3.0.5.RELEASE.jar;C:\Users\wesleyjesus\git\estudosAlura\leiloes\src\main\webapp\WEB-INF\lib\spring-beans-3.0.5.RELEASE.jar;C:\Users\wesleyjesus\git\estudosAlura\leiloes\src\main\webapp\WEB-INF\lib\spring-context-3.0.5.RELEASE.jar;C:\Users\wesleyjesus\git\estudosAlura\leiloes\src\main\webapp\WEB-INF\lib\spring-core-3.0.5.RELEASE.jar;C:\Users\wesleyjesus\git\estudosAlura\leiloes\src\main\webapp\WEB-INF\lib\spring-expression-3.0.5.RELEASE.jar;C:\Users\wesleyjesus\git\estudosAlura\leiloes\src\main\webapp\WEB-INF\lib\spring-web-3.0.5.RELEASE.jar;C:\Users\wesleyjesus\git\estudosAlura\leiloes\src\main\webapp\WEB-INF\lib\validation-api-1.0.0.GA.jar;C:\Users\wesleyjesus\git\estudosAlura\leiloes\src\main\webapp\WEB-INF\lib\velocity-1.7.jar;C:\Users\wesleyjesus\git\estudosAlura\leiloes\src\main\webapp\WEB-INF\lib\velocity-tools-1.4.jar;C:\Users\wesleyjesus\git\estudosAlura\leiloes\src\main\webapp\WEB-INF\lib\vraptor-3.4.0.jar;C:\Users\wesleyjesus\git\estudosAlura\leiloes\src\main\webapp\WEB-INF\lib\wagon-provider-api-1.0-beta-6.jar;C:\Users\wesleyjesus\git\estudosAlura\leiloes\src\main\webapp\WEB-INF\lib\websocket-api-9.2.15.v20160210.jar;C:\Users\wesleyjesus\git\estudosAlura\leiloes\src\main\webapp\WEB-INF\lib\websocket-client-9.2.15.v20160210.jar;C:\Users\wesleyjesus\git\estudosAlura\leiloes\src\main\webapp\WEB-INF\lib\websocket-common-9.2.15.v20160210.jar;C:\Users\wesleyjesus\git\estudosAlura\leiloes\src\main\webapp\WEB-INF\lib\xalan-2.7.2.jar;C:\Users\wesleyjesus\git\estudosAlura\leiloes\src\main\webapp\WEB-INF\lib\xercesImpl-2.11.0.jar;C:\Users\wesleyjesus\git\estudosAlura\leiloes\src\main\webapp\WEB-INF\lib\xml-apis-1.4.01.jar;C:\Users\wesleyjesus\git\estudosAlura\leiloes\src\main\webapp\WEB-INF\lib\xmlpull-1.1.3.1.jar;C:\Users\wesleyjesus\git\estudosAlura\leiloes\src\main\webapp\WEB-INF\lib\xpp3_min-1.1.4c.jar;C:\Users\wesleyjesus\git\estudosAlura\leiloes\src\main\webapp\WEB-INF\lib\xstream-1.4.1.jar;C:\Users\wesleyjesus\git\estudosAlura\leiloes\src\main\webapp\WEB-INF\lib\zip4j-1.3.2.jar;C:\Users\wesleyjesus\git\estudosAlura\leiloes\lib\provided\jsp-api-2.1.jar;C:\Users\wesleyjesus\git\estudosAlura\leiloes\lib\provided\servlet-api-2.5.jar;C:\Users\wesleyjesus\git\estudosAlura\leiloes\target\test-classes;C:\Users\wesleyjesus\git\estudosAlura\leiloes\src\main\webapp\WEB-INF\classes;C:\Program Files\Java\jdk1.8.0_102\lib;C:\Users\wesleyjesus\.p2\pool\plugins\org.apache.ant_1.9.6.v201510161327\lib\ant-launcher.jar;C:\Users\wesleyjesus\.p2\pool\plugins\org.apache.ant_1.9.6.v201510161327\lib\ant.jar;C:\Users\wesleyjesus\.p2\pool\plugins\org.apache.ant_1.9.6.v201510161327\lib\ant-junit.jar;C:\Users\wesleyjesus\.p2\pool\plugins\org.apache.ant_1.9.6.v201510161327\lib\ant-junit4.jar" />
    <property name="ivy.default.ivy.user.dir" value="C:\Users\wesleyjesus\.ivy2" />
    <property name="user.home.ivy.instance" value="C:\Users\wesleyjesus" />
    <property name="basedir.ivy.instance" value="C:\Users\wesleyjesus\git\estudosAlura\leiloes" />
    <property name="ant.library.dir" value="C:\Users\wesleyjesus\.p2\pool\plugins\org.apache.ant_1.9.6.v201510161327\lib" />
    <property name="os.arch" value="amd64" />
    <property name="java.awt.graphicsenv.ivy.instance" value="sun.awt.Win32GraphicsEnvironment" />
    <property name="java.vendor.url.bug.ivy.instance" value="http://bugreport.sun.com/bugreport/" />
    <property name="java.vm.specification.version.ivy.instance" value="1.8" />
    <property name="sun.java.launcher" value="SUN_STANDARD" />
    <property name="java.awt.printerjob.ivy.instance" value="sun.awt.windows.WPrinterJob" />
    <property name="ivy.settings.dir.ivy.instance" value="jar:file:/C:/Users/wesleyjesus/git/estudosAlura/leiloes/ivy-2.4.0.jar!/org/apache/ivy/core/settings" />
    <property name="ant.core.lib" value="C:\Users\wesleyjesus\.p2\pool\plugins\org.apache.ant_1.9.6.v201510161327\lib\ant.jar" />
    <property name="ivy.resolver.default.check.modified.ivy.instance" value="false" />
    <property name="java.vm.specification.vendor" value="Oracle Corporation" />
    <property name="ivy.settings.dir" value="jar:file:/C:/Users/wesleyjesus/git/estudosAlura/leiloes/ivy-2.4.0.jar!/org/apache/ivy/core/settings" />
    <property name="user.language.ivy.instance" value="pt" />
    <property name="file.separator" value="\" />
    <property name="ivy.shared.default.artifact.pattern.ivy.instance" value="[organisation]/[module]/[revision]/[type]s/[artifact].[ext]" />
    <property name="user.country.ivy.instance" value="BR" />
    <property name="ivy.conf.url.ivy.instance" value="jar:file:/C:/Users/wesleyjesus/git/estudosAlura/leiloes/ivy-2.4.0.jar!/org/apache/ivy/core/settings/ivysettings.xml" />
    <property name="java.runtime.version" value="1.8.0_102-b14" />
    <property name="java.specification.name.ivy.instance" value="Java Platform API Specification" />
    <property name="sun.boot.class.path" value="C:\Program Files\Java\jdk1.8.0_102\jre\lib\resources.jar;C:\Program Files\Java\jdk1.8.0_102\jre\lib\rt.jar;C:\Program Files\Java\jdk1.8.0_102\jre\lib\sunrsasign.jar;C:\Program Files\Java\jdk1.8.0_102\jre\lib\jsse.jar;C:\Program Files\Java\jdk1.8.0_102\jre\lib\jce.jar;C:\Program Files\Java\jdk1.8.0_102\jre\lib\charsets.jar;C:\Program Files\Java\jdk1.8.0_102\jre\lib\jfr.jar;C:\Program Files\Java\jdk1.8.0_102\jre\classes" />
    <property name="ivy.conf.dir" value="jar:file:/C:/Users/wesleyjesus/git/estudosAlura/leiloes/ivy-2.4.0.jar!/org/apache/ivy/core/settings" />
    <property name="ivy.retrieve.pattern" value="C:\Users\wesleyjesus\git\estudosAlura\leiloes/lib/[artifact]-[revision](-[classifier]).[ext]" />
    <property name="user.country" value="BR" />
    <property name="ivy.shared.default.root" value="C:\Users\wesleyjesus\.ivy2/shared" />
    <property name="java.version.ivy.instance" value="1.8.0_102" />
    <property name="ivy.resolved.file" value="C:\Users\wesleyjesus\git\estudosAlura\leiloes\ivy.xml" />
    <property name="test.resources.dir" value="src/test/resources" />
    <property name="os.arch.ivy.instance" value="amd64" />
    <property name="java.vendor" value="Oracle Corporation" />
    <property name="ivy.project.dir" value="C:\Users\wesleyjesus\git\estudosAlura\leiloes" />
    <property name="java.specification.version" value="1.8" />
    <property name="sun.arch.data.model" value="64" />
    <property name="ivy.buildlist.ivyfilepath" value="ivy.xml" />
  </properties>
  <testcase classname="caseTests.LeiloesTest" name="deveAdicionarUmLeilao" time="3.537">
    <error type="java.lang.NullPointerException">java.lang.NullPointerException
	at caseTests.LeiloesTest.deveAdicionarUmLeilao(LeiloesTest.java:16)
</error>
  </testcase>
  <testcase classname="caseTests.LeiloesTest" name="naoDeveAdicionarLeilaoSemNomeOuValor" time="2.821">
    <error type="java.lang.NullPointerException">java.lang.NullPointerException
	at caseTests.LeiloesTest.naoDeveAdicionarLeilaoSemNomeOuValor(LeiloesTest.java:29)
</error>
  </testcase>
  <system-out><![CDATA[]]></system-out>
  <system-err><![CDATA[Starting ChromeDriver 2.25.426923 (0390b88869384d6eb0d5d09729679f934aab9eed) on port 16174
Only local connections are allowed.
nov 30, 2016 5:33:22 PM org.openqa.selenium.remote.ProtocolHandshake createSession
INFORMAÇÕES: Attempting bi-dialect session, assuming Postel's Law holds true on the remote end
nov 30, 2016 5:33:24 PM org.openqa.selenium.remote.ProtocolHandshake createSession
INFORMAÇÕES: Detected dialect: OSS
Starting ChromeDriver 2.25.426923 (0390b88869384d6eb0d5d09729679f934aab9eed) on port 20430
Only local connections are allowed.
nov 30, 2016 5:33:25 PM org.openqa.selenium.remote.ProtocolHandshake createSession
INFORMAÇÕES: Attempting bi-dialect session, assuming Postel's Law holds true on the remote end
nov 30, 2016 5:33:27 PM org.openqa.selenium.remote.ProtocolHandshake createSession
INFORMAÇÕES: Detected dialect: OSS
]]></system-err>
</testsuite>
